Determining if the pthread_create exist failed with the following output:
Change Dir: /home/ros/model_car/catkin_ws/build/cv_bridge/CMakeFiles/CMakeTmp

Run Build Command:/usr/bin/make "cmTryCompileExec3292946743/fast"
/usr/bin/make -f CMakeFiles/cmTryCompileExec3292946743.dir/build.make CMakeFiles/cmTryCompileExec3292946743.dir/build
make[1]: Entering directory `/home/ros/model_car/catkin_ws/build/cv_bridge/CMakeFiles/CMakeTmp'
/usr/bin/cmake -E cmake_progress_report /home/ros/model_car/catkin_ws/build/cv_bridge/CMakeFiles/CMakeTmp/CMakeFiles 1
Building C object CMakeFiles/cmTryCompileExec3292946743.dir/CheckSymbolExists.c.o
/usr/bin/cc    -o CMakeFiles/cmTryCompileExec3292946743.dir/CheckSymbolExists.c.o   -c /home/ros/model_car/catkin_ws/build/cv_bridge/CMakeFiles/CMakeTmp/CheckSymbolExists.c
Linking C executable cmTryCompileExec3292946743
/usr/bin/cmake -E cmake_link_script CMakeFiles/cmTryCompileExec3292946743.dir/link.txt --verbose=1
/usr/bin/cc       CMakeFiles/cmTryCompileExec3292946743.dir/CheckSymbolExists.c.o  -o cmTryCompileExec3292946743 -rdynamic 
CMakeFiles/cmTryCompileExec3292946743.dir/CheckSymbolExists.c.o: In function `main':
CheckSymbolExists.c:(.text+0x16): undefined reference to `pthread_create'
collect2: error: ld returned 1 exit status
make[1]: *** [cmTryCompileExec3292946743] Error 1
make[1]: Leaving directory `/home/ros/model_car/catkin_ws/build/cv_bridge/CMakeFiles/CMakeTmp'
make: *** [cmTryCompileExec3292946743/fast] Error 2

File /home/ros/model_car/catkin_ws/build/cv_bridge/CMakeFiles/CMakeTmp/CheckSymbolExists.c:
/* */
#include <pthread.h>

int main(int argc, char** argv)
{
  (void)argv;
#ifndef pthread_create
  return ((int*)(&pthread_create))[argc];
#else
  (void)argc;
  return 0;
#endif
}

Determining if the function pthread_create exists in the pthreads failed with the following output:
Change Dir: /home/ros/model_car/catkin_ws/build/cv_bridge/CMakeFiles/CMakeTmp

Run Build Command:/usr/bin/make "cmTryCompileExec3383212921/fast"
/usr/bin/make -f CMakeFiles/cmTryCompileExec3383212921.dir/build.make CMakeFiles/cmTryCompileExec3383212921.dir/build
make[1]: Entering directory `/home/ros/model_car/catkin_ws/build/cv_bridge/CMakeFiles/CMakeTmp'
/usr/bin/cmake -E cmake_progress_report /home/ros/model_car/catkin_ws/build/cv_bridge/CMakeFiles/CMakeTmp/CMakeFiles 1
Building C object CMakeFiles/cmTryCompileExec3383212921.dir/CheckFunctionExists.c.o
/usr/bin/cc   -DCHECK_FUNCTION_EXISTS=pthread_create   -o CMakeFiles/cmTryCompileExec3383212921.dir/CheckFunctionExists.c.o   -c /usr/share/cmake-2.8/Modules/CheckFunctionExists.c
Linking C executable cmTryCompileExec3383212921
/usr/bin/cmake -E cmake_link_script CMakeFiles/cmTryCompileExec3383212921.dir/link.txt --verbose=1
/usr/bin/cc   -DCHECK_FUNCTION_EXISTS=pthread_create    CMakeFiles/cmTryCompileExec3383212921.dir/CheckFunctionExists.c.o  -o cmTryCompileExec3383212921 -rdynamic -lpthreads 
/usr/bin/ld: cannot find -lpthreads
collect2: error: ld returned 1 exit status
make[1]: *** [cmTryCompileExec3383212921] Error 1
make[1]: Leaving directory `/home/ros/model_car/catkin_ws/build/cv_bridge/CMakeFiles/CMakeTmp'
make: *** [cmTryCompileExec3383212921/fast] Error 2


