Determining if the pthread_create exist failed with the following output:
Change Dir: /home/ros/model_car/catkin_ws/build/light/CMakeFiles/CMakeTmp

Run Build Command:/usr/bin/make "cmTryCompileExec393525286/fast"
/usr/bin/make -f CMakeFiles/cmTryCompileExec393525286.dir/build.make CMakeFiles/cmTryCompileExec393525286.dir/build
make[1]: Entering directory `/home/ros/model_car/catkin_ws/build/light/CMakeFiles/CMakeTmp'
/usr/bin/cmake -E cmake_progress_report /home/ros/model_car/catkin_ws/build/light/CMakeFiles/CMakeTmp/CMakeFiles 1
Building C object CMakeFiles/cmTryCompileExec393525286.dir/CheckSymbolExists.c.o
/usr/bin/cc    -o CMakeFiles/cmTryCompileExec393525286.dir/CheckSymbolExists.c.o   -c /home/ros/model_car/catkin_ws/build/light/CMakeFiles/CMakeTmp/CheckSymbolExists.c
Linking C executable cmTryCompileExec393525286
/usr/bin/cmake -E cmake_link_script CMakeFiles/cmTryCompileExec393525286.dir/link.txt --verbose=1
/usr/bin/cc       CMakeFiles/cmTryCompileExec393525286.dir/CheckSymbolExists.c.o  -o cmTryCompileExec393525286 -rdynamic 
CMakeFiles/cmTryCompileExec393525286.dir/CheckSymbolExists.c.o: In function `main':make[1]: Leaving directory `/home/ros/model_car/catkin_ws/build/light/CMakeFiles/CMakeTmp'

CheckSymbolExists.c:(.text+0x16): undefined reference to `pthread_create'
collect2: error: ld returned 1 exit status
make[1]: *** [cmTryCompileExec393525286] Error 1
make: *** [cmTryCompileExec393525286/fast] Error 2

File /home/ros/model_car/catkin_ws/build/light/CMakeFiles/CMakeTmp/CheckSymbolExists.c:
/* */
#include <pthread.h>

int main(int argc, char** argv)
{
  (void)argv;
#ifndef pthread_create
  return ((int*)(&pthread_create))[argc];
#else
  (void)argc;
  return 0;
#endif
}

Determining if the function pthread_create exists in the pthreads failed with the following output:
Change Dir: /home/ros/model_car/catkin_ws/build/light/CMakeFiles/CMakeTmp

Run Build Command:/usr/bin/make "cmTryCompileExec3831514683/fast"
/usr/bin/make -f CMakeFiles/cmTryCompileExec3831514683.dir/build.make CMakeFiles/cmTryCompileExec3831514683.dir/build
make[1]: Entering directory `/home/ros/model_car/catkin_ws/build/light/CMakeFiles/CMakeTmp'
/usr/bin/cmake -E cmake_progress_report /home/ros/model_car/catkin_ws/build/light/CMakeFiles/CMakeTmp/CMakeFiles 1
Building C object CMakeFiles/cmTryCompileExec3831514683.dir/CheckFunctionExists.c.o
/usr/bin/cc   -DCHECK_FUNCTION_EXISTS=pthread_create   -o CMakeFiles/cmTryCompileExec3831514683.dir/CheckFunctionExists.c.o   -c /usr/share/cmake-2.8/Modules/CheckFunctionExists.c
Linking C executable cmTryCompileExec3831514683
/usr/bin/cmake -E cmake_link_script CMakeFiles/cmTryCompileExec3831514683.dir/link.txt --verbose=1
/usr/bin/cc   -DCHECK_FUNCTION_EXISTS=pthread_create    CMakeFiles/cmTryCompileExec3831514683.dir/CheckFunctionExists.c.o  -o cmTryCompileExec3831514683 -rdynamic -lpthreads 
/usr/bin/ld: cannot find -lpthreads
collect2: error: ld returned 1 exit status
make[1]: Leaving directory `/home/ros/model_car/catkin_ws/build/light/CMakeFiles/CMakeTmp'
make[1]: *** [cmTryCompileExec3831514683] Error 1
make: *** [cmTryCompileExec3831514683/fast] Error 2


