Determining if the pthread_create exist failed with the following output:
Change Dir: /home/ros/model_car/catkin_ws/build/cmvision/CMakeFiles/CMakeTmp

Run Build Command:/usr/bin/make "cmTryCompileExec1102058405/fast"
/usr/bin/make -f CMakeFiles/cmTryCompileExec1102058405.dir/build.make CMakeFiles/cmTryCompileExec1102058405.dir/build
make[1]: Entering directory `/home/ros/model_car/catkin_ws/build/cmvision/CMakeFiles/CMakeTmp'
/usr/bin/cmake -E cmake_progress_report /home/ros/model_car/catkin_ws/build/cmvision/CMakeFiles/CMakeTmp/CMakeFiles 1
Building C object CMakeFiles/cmTryCompileExec1102058405.dir/CheckSymbolExists.c.o
/usr/bin/cc    -o CMakeFiles/cmTryCompileExec1102058405.dir/CheckSymbolExists.c.o   -c /home/ros/model_car/catkin_ws/build/cmvision/CMakeFiles/CMakeTmp/CheckSymbolExists.c
Linking C executable cmTryCompileExec1102058405
/usr/bin/cmake -E cmake_link_script CMakeFiles/cmTryCompileExec1102058405.dir/link.txt --verbose=1
/usr/bin/cc       CMakeFiles/cmTryCompileExec1102058405.dir/CheckSymbolExists.c.o  -o cmTryCompileExec1102058405 -rdynamic 
CMakeFiles/cmTryCompileExec1102058405.dir/CheckSymbolExists.c.o: In function `main':
CheckSymbolExists.c:(.text+0x16): undefined reference to `pthread_create'
collect2: error: ld returned 1 exit status
make[1]: *** [cmTryCompileExec1102058405] Error 1
make[1]: Leaving directory `/home/ros/model_car/catkin_ws/build/cmvision/CMakeFiles/CMakeTmp'
make: *** [cmTryCompileExec1102058405/fast] Error 2

File /home/ros/model_car/catkin_ws/build/cmvision/CMakeFiles/CMakeTmp/CheckSymbolExists.c:
/* */
#include <pthread.h>

int main(int argc, char** argv)
{
  (void)argv;
#ifndef pthread_create
  return ((int*)(&pthread_create))[argc];
#else
  (void)argc;
  return 0;
#endif
}

Determining if the function pthread_create exists in the pthreads failed with the following output:
Change Dir: /home/ros/model_car/catkin_ws/build/cmvision/CMakeFiles/CMakeTmp

Run Build Command:/usr/bin/make "cmTryCompileExec2183783065/fast"
/usr/bin/make -f CMakeFiles/cmTryCompileExec2183783065.dir/build.make CMakeFiles/cmTryCompileExec2183783065.dir/build
make[1]: Entering directory `/home/ros/model_car/catkin_ws/build/cmvision/CMakeFiles/CMakeTmp'
/usr/bin/cmake -E cmake_progress_report /home/ros/model_car/catkin_ws/build/cmvision/CMakeFiles/CMakeTmp/CMakeFiles 1
Building C object CMakeFiles/cmTryCompileExec2183783065.dir/CheckFunctionExists.c.o
/usr/bin/cc   -DCHECK_FUNCTION_EXISTS=pthread_create   -o CMakeFiles/cmTryCompileExec2183783065.dir/CheckFunctionExists.c.o   -c /usr/share/cmake-2.8/Modules/CheckFunctionExists.c
Linking C executable cmTryCompileExec2183783065
/usr/bin/cmake -E cmake_link_script CMakeFiles/cmTryCompileExec2183783065.dir/link.txt --verbose=1
/usr/bin/cc   -DCHECK_FUNCTION_EXISTS=pthread_create    CMakeFiles/cmTryCompileExec2183783065.dir/CheckFunctionExists.c.o  -o cmTryCompileExec2183783065 -rdynamic -lpthreads 
/usr/bin/ld: cannot find -lpthreads
collect2: error: ld returned 1 exit status
make[1]: *** [cmTryCompileExec2183783065] Error 1
make[1]: Leaving directory `/home/ros/model_car/catkin_ws/build/cmvision/CMakeFiles/CMakeTmp'
make: *** [cmTryCompileExec2183783065/fast] Error 2


