Determining if the pthread_create exist failed with the following output:
Change Dir: /home/ros/model_car/catkin_ws/build/ip_mapping/CMakeFiles/CMakeTmp

Run Build Command:/usr/bin/make "cmTryCompileExec3218115142/fast"
/usr/bin/make -f CMakeFiles/cmTryCompileExec3218115142.dir/build.make CMakeFiles/cmTryCompileExec3218115142.dir/build
make[1]: Entering directory `/home/ros/model_car/catkin_ws/build/ip_mapping/CMakeFiles/CMakeTmp'
/usr/bin/cmake -E cmake_progress_report /home/ros/model_car/catkin_ws/build/ip_mapping/CMakeFiles/CMakeTmp/CMakeFiles 1
Building C object CMakeFiles/cmTryCompileExec3218115142.dir/CheckSymbolExists.c.o
/usr/bin/cc    -o CMakeFiles/cmTryCompileExec3218115142.dir/CheckSymbolExists.c.o   -c /home/ros/model_car/catkin_ws/build/ip_mapping/CMakeFiles/CMakeTmp/CheckSymbolExists.c
Linking C executable cmTryCompileExec3218115142
/usr/bin/cmake -E cmake_link_script CMakeFiles/cmTryCompileExec3218115142.dir/link.txt --verbose=1
/usr/bin/cc        CMakeFiles/cmTryCompileExec3218115142.dir/CheckSymbolExists.c.o  -o cmTryCompileExec3218115142 -rdynamic 
CMakeFiles/cmTryCompileExec3218115142.dir/CheckSymbolExists.c.o: In function `main':
CheckSymbolExists.c:(.text+0x16): undefined reference to `pthread_create'
collect2: error: ld returned 1 exit status
make[1]: Leaving directory `/home/ros/model_car/catkin_ws/build/ip_mapping/CMakeFiles/CMakeTmp'
make[1]: *** [cmTryCompileExec3218115142] Error 1
make: *** [cmTryCompileExec3218115142/fast] Error 2

File /home/ros/model_car/catkin_ws/build/ip_mapping/CMakeFiles/CMakeTmp/CheckSymbolExists.c:
/* */
#include <pthread.h>

int main(int argc, char** argv)
{
  (void)argv;
#ifndef pthread_create
  return ((int*)(&pthread_create))[argc];
#else
  (void)argc;
  return 0;
#endif
}

Determining if the function pthread_create exists in the pthreads failed with the following output:
Change Dir: /home/ros/model_car/catkin_ws/build/ip_mapping/CMakeFiles/CMakeTmp

Run Build Command:/usr/bin/make "cmTryCompileExec3007341159/fast"
/usr/bin/make -f CMakeFiles/cmTryCompileExec3007341159.dir/build.make CMakeFiles/cmTryCompileExec3007341159.dir/build
make[1]: Entering directory `/home/ros/model_car/catkin_ws/build/ip_mapping/CMakeFiles/CMakeTmp'
/usr/bin/cmake -E cmake_progress_report /home/ros/model_car/catkin_ws/build/ip_mapping/CMakeFiles/CMakeTmp/CMakeFiles 1
Building C object CMakeFiles/cmTryCompileExec3007341159.dir/CheckFunctionExists.c.o
/usr/bin/cc   -DCHECK_FUNCTION_EXISTS=pthread_create   -o CMakeFiles/cmTryCompileExec3007341159.dir/CheckFunctionExists.c.o   -c /usr/share/cmake-2.8/Modules/CheckFunctionExists.c
Linking C executable cmTryCompileExec3007341159
/usr/bin/cmake -E cmake_link_script CMakeFiles/cmTryCompileExec3007341159.dir/link.txt --verbose=1
/usr/bin/cc    -DCHECK_FUNCTION_EXISTS=pthread_create    CMakeFiles/cmTryCompileExec3007341159.dir/CheckFunctionExists.c.o  -o cmTryCompileExec3007341159 -rdynamic -lpthreads 
/usr/bin/ld: cannot find -lpthreads
make[1]: Leaving directory `/home/ros/model_car/catkin_ws/build/ip_mapping/CMakeFiles/CMakeTmp'
collect2: error: ld returned 1 exit status
make[1]: *** [cmTryCompileExec3007341159] Error 1
make: *** [cmTryCompileExec3007341159/fast] Error 2


