Determining if the pthread_create exist failed with the following output:
Change Dir: /home/ros/model_car/catkin_ws/build/control/CMakeFiles/CMakeTmp

Run Build Command:/usr/bin/make "cmTryCompileExec3578580997/fast"
/usr/bin/make -f CMakeFiles/cmTryCompileExec3578580997.dir/build.make CMakeFiles/cmTryCompileExec3578580997.dir/build
make[1]: Entering directory `/home/ros/model_car/catkin_ws/build/control/CMakeFiles/CMakeTmp'
/usr/bin/cmake -E cmake_progress_report /home/ros/model_car/catkin_ws/build/control/CMakeFiles/CMakeTmp/CMakeFiles 1
Building C object CMakeFiles/cmTryCompileExec3578580997.dir/CheckSymbolExists.c.o
/usr/bin/cc    -o CMakeFiles/cmTryCompileExec3578580997.dir/CheckSymbolExists.c.o   -c /home/ros/model_car/catkin_ws/build/control/CMakeFiles/CMakeTmp/CheckSymbolExists.c
Linking C executable cmTryCompileExec3578580997
/usr/bin/cmake -E cmake_link_script CMakeFiles/cmTryCompileExec3578580997.dir/link.txt --verbose=1
/usr/bin/cc       CMakeFiles/cmTryCompileExec3578580997.dir/CheckSymbolExists.c.o  -o cmTryCompileExec3578580997 -rdynamic 
CMakeFiles/cmTryCompileExec3578580997.dir/CheckSymbolExists.c.o: In function `main':
CheckSymbolExists.c:(.text+0x16): undefined reference to `pthread_create'
collect2: error: ld returned 1 exit status
make[1]: *** [cmTryCompileExec3578580997] Error 1
make[1]: Leaving directory `/home/ros/model_car/catkin_ws/build/control/CMakeFiles/CMakeTmp'
make: *** [cmTryCompileExec3578580997/fast] Error 2

File /home/ros/model_car/catkin_ws/build/control/CMakeFiles/CMakeTmp/CheckSymbolExists.c:
/* */
#include <pthread.h>

int main(int argc, char** argv)
{
  (void)argv;
#ifndef pthread_create
  return ((int*)(&pthread_create))[argc];
#else
  (void)argc;
  return 0;
#endif
}

Determining if the function pthread_create exists in the pthreads failed with the following output:
Change Dir: /home/ros/model_car/catkin_ws/build/control/CMakeFiles/CMakeTmp

Run Build Command:/usr/bin/make "cmTryCompileExec235759415/fast"
/usr/bin/make -f CMakeFiles/cmTryCompileExec235759415.dir/build.make CMakeFiles/cmTryCompileExec235759415.dir/build
make[1]: Entering directory `/home/ros/model_car/catkin_ws/build/control/CMakeFiles/CMakeTmp'
/usr/bin/cmake -E cmake_progress_report /home/ros/model_car/catkin_ws/build/control/CMakeFiles/CMakeTmp/CMakeFiles 1
Building C object CMakeFiles/cmTryCompileExec235759415.dir/CheckFunctionExists.c.o
/usr/bin/cc   -DCHECK_FUNCTION_EXISTS=pthread_create   -o CMakeFiles/cmTryCompileExec235759415.dir/CheckFunctionExists.c.o   -c /usr/share/cmake-2.8/Modules/CheckFunctionExists.c
Linking C executable cmTryCompileExec235759415
/usr/bin/cmake -E cmake_link_script CMakeFiles/cmTryCompileExec235759415.dir/link.txt --verbose=1
/usr/bin/cc   -DCHECK_FUNCTION_EXISTS=pthread_create    CMakeFiles/cmTryCompileExec235759415.dir/CheckFunctionExists.c.o  -o cmTryCompileExec235759415 -rdynamic -lpthreads 
/usr/bin/ld: cannot find -lpthreads
collect2: error: ld returned 1 exit status
make[1]: Leaving directory `/home/ros/model_car/catkin_ws/build/control/CMakeFiles/CMakeTmp'
make[1]: *** [cmTryCompileExec235759415] Error 1
make: *** [cmTryCompileExec235759415/fast] Error 2


