Determining if the pthread_create exist failed with the following output:
Change Dir: /home/ros/model_car/catkin_ws/build/visual_gps/CMakeFiles/CMakeTmp

Run Build Command:/usr/bin/make "cmTryCompileExec2457940327/fast"
/usr/bin/make -f CMakeFiles/cmTryCompileExec2457940327.dir/build.make CMakeFiles/cmTryCompileExec2457940327.dir/build
make[1]: Entering directory `/home/ros/model_car/catkin_ws/build/visual_gps/CMakeFiles/CMakeTmp'
/usr/bin/cmake -E cmake_progress_report /home/ros/model_car/catkin_ws/build/visual_gps/CMakeFiles/CMakeTmp/CMakeFiles 1
Building C object CMakeFiles/cmTryCompileExec2457940327.dir/CheckSymbolExists.c.o
/usr/bin/cc    -o CMakeFiles/cmTryCompileExec2457940327.dir/CheckSymbolExists.c.o   -c /home/ros/model_car/catkin_ws/build/visual_gps/CMakeFiles/CMakeTmp/CheckSymbolExists.c
Linking C executable cmTryCompileExec2457940327
/usr/bin/cmake -E cmake_link_script CMakeFiles/cmTryCompileExec2457940327.dir/link.txt --verbose=1
/usr/bin/cc       CMakeFiles/cmTryCompileExec2457940327.dir/CheckSymbolExists.c.o  -o cmTryCompileExec2457940327 -rdynamic 
CMakeFiles/cmTryCompileExec2457940327.dir/CheckSymbolExists.c.o: In function `main':
CheckSymbolExists.c:(.text+0x16): undefined reference to `pthread_create'
collect2: error: ld returned 1 exit status
make[1]: Leaving directory `/home/ros/model_car/catkin_ws/build/visual_gps/CMakeFiles/CMakeTmp'
make[1]: *** [cmTryCompileExec2457940327] Error 1
make: *** [cmTryCompileExec2457940327/fast] Error 2

File /home/ros/model_car/catkin_ws/build/visual_gps/CMakeFiles/CMakeTmp/CheckSymbolExists.c:
/* */
#include <pthread.h>

int main(int argc, char** argv)
{
  (void)argv;
#ifndef pthread_create
  return ((int*)(&pthread_create))[argc];
#else
  (void)argc;
  return 0;
#endif
}

Determining if the function pthread_create exists in the pthreads failed with the following output:
Change Dir: /home/ros/model_car/catkin_ws/build/visual_gps/CMakeFiles/CMakeTmp

Run Build Command:/usr/bin/make "cmTryCompileExec2012652067/fast"
/usr/bin/make -f CMakeFiles/cmTryCompileExec2012652067.dir/build.make CMakeFiles/cmTryCompileExec2012652067.dir/build
make[1]: Entering directory `/home/ros/model_car/catkin_ws/build/visual_gps/CMakeFiles/CMakeTmp'
/usr/bin/cmake -E cmake_progress_report /home/ros/model_car/catkin_ws/build/visual_gps/CMakeFiles/CMakeTmp/CMakeFiles 1
Building C object CMakeFiles/cmTryCompileExec2012652067.dir/CheckFunctionExists.c.o
/usr/bin/cc   -DCHECK_FUNCTION_EXISTS=pthread_create   -o CMakeFiles/cmTryCompileExec2012652067.dir/CheckFunctionExists.c.o   -c /usr/share/cmake-2.8/Modules/CheckFunctionExists.c
Linking C executable cmTryCompileExec2012652067
/usr/bin/cmake -E cmake_link_script CMakeFiles/cmTryCompileExec2012652067.dir/link.txt --verbose=1
/usr/bin/cc   -DCHECK_FUNCTION_EXISTS=pthread_create    CMakeFiles/cmTryCompileExec2012652067.dir/CheckFunctionExists.c.o  -o cmTryCompileExec2012652067 -rdynamic -lpthreads 
/usr/bin/ld: cannot find -lpthreads
collect2: error: ld returned 1 exit status
make[1]: Leaving directory `/home/ros/model_car/catkin_ws/build/visual_gps/CMakeFiles/CMakeTmp'
make[1]: *** [cmTryCompileExec2012652067] Error 1
make: *** [cmTryCompileExec2012652067/fast] Error 2


