Determining if the pthread_create exist failed with the following output:
Change Dir: /home/ros/model_car/catkin_ws/build/usb_cam/CMakeFiles/CMakeTmp

Run Build Command:/usr/bin/make "cmTryCompileExec3313911403/fast"
/usr/bin/make -f CMakeFiles/cmTryCompileExec3313911403.dir/build.make CMakeFiles/cmTryCompileExec3313911403.dir/build
make[1]: Entering directory `/home/ros/model_car/catkin_ws/build/usb_cam/CMakeFiles/CMakeTmp'
/usr/bin/cmake -E cmake_progress_report /home/ros/model_car/catkin_ws/build/usb_cam/CMakeFiles/CMakeTmp/CMakeFiles 1
Building C object CMakeFiles/cmTryCompileExec3313911403.dir/CheckSymbolExists.c.o
/usr/bin/cc    -o CMakeFiles/cmTryCompileExec3313911403.dir/CheckSymbolExists.c.o   -c /home/ros/model_car/catkin_ws/build/usb_cam/CMakeFiles/CMakeTmp/CheckSymbolExists.c
Linking C executable cmTryCompileExec3313911403
/usr/bin/cmake -E cmake_link_script CMakeFiles/cmTryCompileExec3313911403.dir/link.txt --verbose=1
/usr/bin/cc       CMakeFiles/cmTryCompileExec3313911403.dir/CheckSymbolExists.c.o  -o cmTryCompileExec3313911403 -rdynamic 
CMakeFiles/cmTryCompileExec3313911403.dir/CheckSymbolExists.c.o: In function `main':
CheckSymbolExists.c:(.text+0x16): undefined reference to `pthread_create'
collect2: error: ld returned 1 exit status
make[1]: Leaving directory `/home/ros/model_car/catkin_ws/build/usb_cam/CMakeFiles/CMakeTmp'
make[1]: *** [cmTryCompileExec3313911403] Error 1
make: *** [cmTryCompileExec3313911403/fast] Error 2

File /home/ros/model_car/catkin_ws/build/usb_cam/CMakeFiles/CMakeTmp/CheckSymbolExists.c:
/* */
#include <pthread.h>

int main(int argc, char** argv)
{
  (void)argv;
#ifndef pthread_create
  return ((int*)(&pthread_create))[argc];
#else
  (void)argc;
  return 0;
#endif
}

Determining if the function pthread_create exists in the pthreads failed with the following output:
Change Dir: /home/ros/model_car/catkin_ws/build/usb_cam/CMakeFiles/CMakeTmp

Run Build Command:/usr/bin/make "cmTryCompileExec2107555456/fast"
/usr/bin/make -f CMakeFiles/cmTryCompileExec2107555456.dir/build.make CMakeFiles/cmTryCompileExec2107555456.dir/build
make[1]: Entering directory `/home/ros/model_car/catkin_ws/build/usb_cam/CMakeFiles/CMakeTmp'
/usr/bin/cmake -E cmake_progress_report /home/ros/model_car/catkin_ws/build/usb_cam/CMakeFiles/CMakeTmp/CMakeFiles 1
Building C object CMakeFiles/cmTryCompileExec2107555456.dir/CheckFunctionExists.c.o
/usr/bin/cc   -DCHECK_FUNCTION_EXISTS=pthread_create   -o CMakeFiles/cmTryCompileExec2107555456.dir/CheckFunctionExists.c.o   -c /usr/share/cmake-2.8/Modules/CheckFunctionExists.c
Linking C executable cmTryCompileExec2107555456
/usr/bin/cmake -E cmake_link_script CMakeFiles/cmTryCompileExec2107555456.dir/link.txt --verbose=1
/usr/bin/cc   -DCHECK_FUNCTION_EXISTS=pthread_create    CMakeFiles/cmTryCompileExec2107555456.dir/CheckFunctionExists.c.o  -o cmTryCompileExec2107555456 -rdynamic -lpthreads 
/usr/bin/ld: cannot find -lpthreads
collect2: error: ld returned 1 exit status
make[1]: *** [cmTryCompileExec2107555456] Error 1
make[1]: Leaving directory `/home/ros/model_car/catkin_ws/build/usb_cam/CMakeFiles/CMakeTmp'
make: *** [cmTryCompileExec2107555456/fast] Error 2


