Determining if the pthread_create exist failed with the following output:
Change Dir: /home/ros/model_car/catkin_ws/build/realsense_camera/CMakeFiles/CMakeTmp

Run Build Command:/usr/bin/make "cmTryCompileExec2720364445/fast"
/usr/bin/make -f CMakeFiles/cmTryCompileExec2720364445.dir/build.make CMakeFiles/cmTryCompileExec2720364445.dir/build
make[1]: Entering directory `/home/ros/model_car/catkin_ws/build/realsense_camera/CMakeFiles/CMakeTmp'
/usr/bin/cmake -E cmake_progress_report /home/ros/model_car/catkin_ws/build/realsense_camera/CMakeFiles/CMakeTmp/CMakeFiles 1
Building C object CMakeFiles/cmTryCompileExec2720364445.dir/CheckSymbolExists.c.o
/usr/bin/cc    -o CMakeFiles/cmTryCompileExec2720364445.dir/CheckSymbolExists.c.o   -c /home/ros/model_car/catkin_ws/build/realsense_camera/CMakeFiles/CMakeTmp/CheckSymbolExists.c
Linking C executable cmTryCompileExec2720364445
/usr/bin/cmake -E cmake_link_script CMakeFiles/cmTryCompileExec2720364445.dir/link.txt --verbose=1
/usr/bin/cc       CMakeFiles/cmTryCompileExec2720364445.dir/CheckSymbolExists.c.o  -o cmTryCompileExec2720364445 -rdynamic 
CMakeFiles/cmTryCompileExec2720364445.dir/CheckSymbolExists.c.o: In function `main':
CheckSymbolExists.c:(.text+0x16): undefined reference to `pthread_create'
collect2: error: ld returned 1 exit status
make[1]: Leaving directory `/home/ros/model_car/catkin_ws/build/realsense_camera/CMakeFiles/CMakeTmp'
make[1]: *** [cmTryCompileExec2720364445] Error 1
make: *** [cmTryCompileExec2720364445/fast] Error 2

File /home/ros/model_car/catkin_ws/build/realsense_camera/CMakeFiles/CMakeTmp/CheckSymbolExists.c:
/* */
#include <pthread.h>

int main(int argc, char** argv)
{
  (void)argv;
#ifndef pthread_create
  return ((int*)(&pthread_create))[argc];
#else
  (void)argc;
  return 0;
#endif
}

Determining if the function pthread_create exists in the pthreads failed with the following output:
Change Dir: /home/ros/model_car/catkin_ws/build/realsense_camera/CMakeFiles/CMakeTmp

Run Build Command:/usr/bin/make "cmTryCompileExec1153100946/fast"
/usr/bin/make -f CMakeFiles/cmTryCompileExec1153100946.dir/build.make CMakeFiles/cmTryCompileExec1153100946.dir/build
make[1]: Entering directory `/home/ros/model_car/catkin_ws/build/realsense_camera/CMakeFiles/CMakeTmp'
/usr/bin/cmake -E cmake_progress_report /home/ros/model_car/catkin_ws/build/realsense_camera/CMakeFiles/CMakeTmp/CMakeFiles 1
Building C object CMakeFiles/cmTryCompileExec1153100946.dir/CheckFunctionExists.c.o
/usr/bin/cc   -DCHECK_FUNCTION_EXISTS=pthread_create   -o CMakeFiles/cmTryCompileExec1153100946.dir/CheckFunctionExists.c.o   -c /usr/share/cmake-2.8/Modules/CheckFunctionExists.c
Linking C executable cmTryCompileExec1153100946
/usr/bin/cmake -E cmake_link_script CMakeFiles/cmTryCompileExec1153100946.dir/link.txt --verbose=1
/usr/bin/cc   -DCHECK_FUNCTION_EXISTS=pthread_create    CMakeFiles/cmTryCompileExec1153100946.dir/CheckFunctionExists.c.o  -o cmTryCompileExec1153100946 -rdynamic -lpthreads 
/usr/bin/ld: cannot find -lpthreads
collect2: error: ld returned 1 exit status
make[1]: Leaving directory `/home/ros/model_car/catkin_ws/build/realsense_camera/CMakeFiles/CMakeTmp'
make[1]: *** [cmTryCompileExec1153100946] Error 1
make: *** [cmTryCompileExec1153100946/fast] Error 2


