Determining if the pthread_create exist failed with the following output:
Change Dir: /home/ros/model_car/catkin_ws/odroid-build/usb_cam/CMakeFiles/CMakeTmp

Run Build Command:/usr/bin/make "cmTryCompileExec819291542/fast"
/usr/bin/make -f CMakeFiles/cmTryCompileExec819291542.dir/build.make CMakeFiles/cmTryCompileExec819291542.dir/build
make[1]: Entering directory `/home/ros/model_car/catkin_ws/odroid-build/usb_cam/CMakeFiles/CMakeTmp'
/usr/bin/cmake -E cmake_progress_report /home/ros/model_car/catkin_ws/odroid-build/usb_cam/CMakeFiles/CMakeTmp/CMakeFiles 1
Building C object CMakeFiles/cmTryCompileExec819291542.dir/CheckSymbolExists.c.o
/opt/odroid-x2/compiler/bin/arm-linux-gnueabihf-gcc    -o CMakeFiles/cmTryCompileExec819291542.dir/CheckSymbolExists.c.o   -c /home/ros/model_car/catkin_ws/odroid-build/usb_cam/CMakeFiles/CMakeTmp/CheckSymbolExists.c
Linking C executable cmTryCompileExec819291542
/usr/bin/cmake -E cmake_link_script CMakeFiles/cmTryCompileExec819291542.dir/link.txt --verbose=1
/opt/odroid-x2/compiler/bin/arm-linux-gnueabihf-gcc       CMakeFiles/cmTryCompileExec819291542.dir/CheckSymbolExists.c.o  -o cmTryCompileExec819291542 -rdynamic 
CMakeFiles/cmTryCompileExec819291542.dir/CheckSymbolExists.c.o: In function `main':
CheckSymbolExists.c:(.text+0xe): undefined reference to `pthread_create'
CheckSymbolExists.c:(.text+0x12): undefined reference to `pthread_create'
collect2: error: ld returned 1 exit status
make[1]: Leaving directory `/home/ros/model_car/catkin_ws/odroid-build/usb_cam/CMakeFiles/CMakeTmp'
make[1]: *** [cmTryCompileExec819291542] Error 1
make: *** [cmTryCompileExec819291542/fast] Error 2

File /home/ros/model_car/catkin_ws/odroid-build/usb_cam/CMakeFiles/CMakeTmp/CheckSymbolExists.c:
/* */
#include <pthread.h>

int main(int argc, char** argv)
{
  (void)argv;
#ifndef pthread_create
  return ((int*)(&pthread_create))[argc];
#else
  (void)argc;
  return 0;
#endif
}

Determining if the function pthread_create exists in the pthreads failed with the following output:
Change Dir: /home/ros/model_car/catkin_ws/odroid-build/usb_cam/CMakeFiles/CMakeTmp

Run Build Command:/usr/bin/make "cmTryCompileExec2535540274/fast"
/usr/bin/make -f CMakeFiles/cmTryCompileExec2535540274.dir/build.make CMakeFiles/cmTryCompileExec2535540274.dir/build
make[1]: Entering directory `/home/ros/model_car/catkin_ws/odroid-build/usb_cam/CMakeFiles/CMakeTmp'
/usr/bin/cmake -E cmake_progress_report /home/ros/model_car/catkin_ws/odroid-build/usb_cam/CMakeFiles/CMakeTmp/CMakeFiles 1
Building C object CMakeFiles/cmTryCompileExec2535540274.dir/CheckFunctionExists.c.o
/opt/odroid-x2/compiler/bin/arm-linux-gnueabihf-gcc   -DCHECK_FUNCTION_EXISTS=pthread_create   -o CMakeFiles/cmTryCompileExec2535540274.dir/CheckFunctionExists.c.o   -c /usr/share/cmake-2.8/Modules/CheckFunctionExists.c
Linking C executable cmTryCompileExec2535540274
/usr/bin/cmake -E cmake_link_script CMakeFiles/cmTryCompileExec2535540274.dir/link.txt --verbose=1
/opt/odroid-x2/compiler/bin/arm-linux-gnueabihf-gcc   -DCHECK_FUNCTION_EXISTS=pthread_create    CMakeFiles/cmTryCompileExec2535540274.dir/CheckFunctionExists.c.o  -o cmTryCompileExec2535540274 -rdynamic -lpthreads 
/opt/odroid-x2/compiler/bin/../lib/gcc/arm-linux-gnueabihf/4.7.2/../../../../arm-linux-gnueabihf/bin/ld: cannot find -lpthreads
make[1]: Leaving directory `/home/ros/model_car/catkin_ws/odroid-build/usb_cam/CMakeFiles/CMakeTmp'
collect2: error: ld returned 1 exit status
make[1]: *** [cmTryCompileExec2535540274] Error 1
make: *** [cmTryCompileExec2535540274/fast] Error 2


