Determining if the pthread_create exist failed with the following output:
Change Dir: /root/catkin_ws/build/send_steering/CMakeFiles/CMakeTmp

Run Build Command:/usr/bin/make "cmTryCompileExec354851109/fast"
/usr/bin/make -f CMakeFiles/cmTryCompileExec354851109.dir/build.make CMakeFiles/cmTryCompileExec354851109.dir/build
make[1]: Entering directory `/root/catkin_ws/build/send_steering/CMakeFiles/CMakeTmp'
/usr/bin/cmake -E cmake_progress_report /root/catkin_ws/build/send_steering/CMakeFiles/CMakeTmp/CMakeFiles 1
Building C object CMakeFiles/cmTryCompileExec354851109.dir/CheckSymbolExists.c.o
/usr/bin/cc    -o CMakeFiles/cmTryCompileExec354851109.dir/CheckSymbolExists.c.o   -c /root/catkin_ws/build/send_steering/CMakeFiles/CMakeTmp/CheckSymbolExists.c
Linking C executable cmTryCompileExec354851109
/usr/bin/cmake -E cmake_link_script CMakeFiles/cmTryCompileExec354851109.dir/link.txt --verbose=1
/usr/bin/cc       CMakeFiles/cmTryCompileExec354851109.dir/CheckSymbolExists.c.o  -o cmTryCompileExec354851109 -rdynamic 
CMakeFiles/cmTryCompileExec354851109.dir/CheckSymbolExists.c.o: In function `main':
CheckSymbolExists.c:(.text+0xe): undefined reference to `pthread_create'
CheckSymbolExists.c:(.text+0x12): undefined reference to `pthread_create'
collect2: error: ld returned 1 exit status
make[1]: Leaving directory `/root/catkin_ws/build/send_steering/CMakeFiles/CMakeTmp'
make[1]: *** [cmTryCompileExec354851109] Error 1
make: *** [cmTryCompileExec354851109/fast] Error 2

File /root/catkin_ws/build/send_steering/CMakeFiles/CMakeTmp/CheckSymbolExists.c:
/* */
#include <pthread.h>

int main(int argc, char** argv)
{
  (void)argv;
#ifndef pthread_create
  return ((int*)(&pthread_create))[argc];
#else
  (void)argc;
  return 0;
#endif
}

Determining if the function pthread_create exists in the pthreads failed with the following output:
Change Dir: /root/catkin_ws/build/send_steering/CMakeFiles/CMakeTmp

Run Build Command:/usr/bin/make "cmTryCompileExec3929194809/fast"
/usr/bin/make -f CMakeFiles/cmTryCompileExec3929194809.dir/build.make CMakeFiles/cmTryCompileExec3929194809.dir/build
make[1]: Entering directory `/root/catkin_ws/build/send_steering/CMakeFiles/CMakeTmp'
/usr/bin/cmake -E cmake_progress_report /root/catkin_ws/build/send_steering/CMakeFiles/CMakeTmp/CMakeFiles 1
Building C object CMakeFiles/cmTryCompileExec3929194809.dir/CheckFunctionExists.c.o
/usr/bin/cc   -DCHECK_FUNCTION_EXISTS=pthread_create   -o CMakeFiles/cmTryCompileExec3929194809.dir/CheckFunctionExists.c.o   -c /usr/share/cmake-2.8/Modules/CheckFunctionExists.c
Linking C executable cmTryCompileExec3929194809
/usr/bin/cmake -E cmake_link_script CMakeFiles/cmTryCompileExec3929194809.dir/link.txt --verbose=1
/usr/bin/cc   -DCHECK_FUNCTION_EXISTS=pthread_create    CMakeFiles/cmTryCompileExec3929194809.dir/CheckFunctionExists.c.o  -o cmTryCompileExec3929194809 -rdynamic -lpthreads 
/usr/bin/ld: cannot find -lpthreads
collect2: error: ld returned 1 exit status
make[1]: *** [cmTryCompileExec3929194809] Error 1
make[1]: Leaving directory `/root/catkin_ws/build/send_steering/CMakeFiles/CMakeTmp'
make: *** [cmTryCompileExec3929194809/fast] Error 2


