Determining if the pthread_create exist failed with the following output:
Change Dir: /root/catkin_ws/build/send_steering_light/CMakeFiles/CMakeTmp

Run Build Command:/usr/bin/make "cmTryCompileExec911353626/fast"
/usr/bin/make -f CMakeFiles/cmTryCompileExec911353626.dir/build.make CMakeFiles/cmTryCompileExec911353626.dir/build
make[1]: Entering directory `/root/catkin_ws/build/send_steering_light/CMakeFiles/CMakeTmp'
/usr/bin/cmake -E cmake_progress_report /root/catkin_ws/build/send_steering_light/CMakeFiles/CMakeTmp/CMakeFiles 1
Building C object CMakeFiles/cmTryCompileExec911353626.dir/CheckSymbolExists.c.o
/usr/bin/cc    -o CMakeFiles/cmTryCompileExec911353626.dir/CheckSymbolExists.c.o   -c /root/catkin_ws/build/send_steering_light/CMakeFiles/CMakeTmp/CheckSymbolExists.c
Linking C executable cmTryCompileExec911353626
/usr/bin/cmake -E cmake_link_script CMakeFiles/cmTryCompileExec911353626.dir/link.txt --verbose=1
/usr/bin/cc       CMakeFiles/cmTryCompileExec911353626.dir/CheckSymbolExists.c.o  -o cmTryCompileExec911353626 -rdynamic 
CMakeFiles/cmTryCompileExec911353626.dir/CheckSymbolExists.c.o: In function `main':
CheckSymbolExists.c:(.text+0xe): undefined reference to `pthread_create'
CheckSymbolExists.c:(.text+0x12): undefined reference to `pthread_create'
collect2: error: ld returned 1 exit status
make[1]: *** [cmTryCompileExec911353626] Error 1
make[1]: Leaving directory `/root/catkin_ws/build/send_steering_light/CMakeFiles/CMakeTmp'
make: *** [cmTryCompileExec911353626/fast] Error 2

File /root/catkin_ws/build/send_steering_light/CMakeFiles/CMakeTmp/CheckSymbolExists.c:
/* */
#include <pthread.h>

int main(int argc, char** argv)
{
  (void)argv;
#ifndef pthread_create
  return ((int*)(&pthread_create))[argc];
#else
  (void)argc;
  return 0;
#endif
}

Determining if the function pthread_create exists in the pthreads failed with the following output:
Change Dir: /root/catkin_ws/build/send_steering_light/CMakeFiles/CMakeTmp

Run Build Command:/usr/bin/make "cmTryCompileExec240838108/fast"
/usr/bin/make -f CMakeFiles/cmTryCompileExec240838108.dir/build.make CMakeFiles/cmTryCompileExec240838108.dir/build
make[1]: Entering directory `/root/catkin_ws/build/send_steering_light/CMakeFiles/CMakeTmp'
/usr/bin/cmake -E cmake_progress_report /root/catkin_ws/build/send_steering_light/CMakeFiles/CMakeTmp/CMakeFiles 1
Building C object CMakeFiles/cmTryCompileExec240838108.dir/CheckFunctionExists.c.o
/usr/bin/cc   -DCHECK_FUNCTION_EXISTS=pthread_create   -o CMakeFiles/cmTryCompileExec240838108.dir/CheckFunctionExists.c.o   -c /usr/share/cmake-2.8/Modules/CheckFunctionExists.c
Linking C executable cmTryCompileExec240838108
/usr/bin/cmake -E cmake_link_script CMakeFiles/cmTryCompileExec240838108.dir/link.txt --verbose=1
/usr/bin/cc   -DCHECK_FUNCTION_EXISTS=pthread_create    CMakeFiles/cmTryCompileExec240838108.dir/CheckFunctionExists.c.o  -o cmTryCompileExec240838108 -rdynamic -lpthreads 
/usr/bin/ld: cannot find -lpthreads
collect2: error: ld returned 1 exit status
make[1]: Leaving directory `/root/catkin_ws/build/send_steering_light/CMakeFiles/CMakeTmp'
make[1]: *** [cmTryCompileExec240838108] Error 1
make: *** [cmTryCompileExec240838108/fast] Error 2


