Determining if the pthread_create exist failed with the following output:
Change Dir: /root/catkin_ws/build/catkin_tools_prebuild/CMakeFiles/CMakeTmp

Run Build Command:/usr/bin/make "cmTryCompileExec2005572760/fast"
/usr/bin/make -f CMakeFiles/cmTryCompileExec2005572760.dir/build.make CMakeFiles/cmTryCompileExec2005572760.dir/build
make[1]: Entering directory `/root/catkin_ws/build/catkin_tools_prebuild/CMakeFiles/CMakeTmp'
/usr/bin/cmake -E cmake_progress_report /root/catkin_ws/build/catkin_tools_prebuild/CMakeFiles/CMakeTmp/CMakeFiles 1
Building C object CMakeFiles/cmTryCompileExec2005572760.dir/CheckSymbolExists.c.o
/usr/bin/cc    -o CMakeFiles/cmTryCompileExec2005572760.dir/CheckSymbolExists.c.o   -c /root/catkin_ws/build/catkin_tools_prebuild/CMakeFiles/CMakeTmp/CheckSymbolExists.c
Linking C executable cmTryCompileExec2005572760
/usr/bin/cmake -E cmake_link_script CMakeFiles/cmTryCompileExec2005572760.dir/link.txt --verbose=1
/usr/bin/cc       CMakeFiles/cmTryCompileExec2005572760.dir/CheckSymbolExists.c.o  -o cmTryCompileExec2005572760 -rdynamic 
CMakeFiles/cmTryCompileExec2005572760.dir/CheckSymbolExists.c.o: In function `main':
CheckSymbolExists.c:(.text+0xe): undefined reference to `pthread_create'
CheckSymbolExists.c:(.text+0x12): undefined reference to `pthread_create'
collect2: error: ld returned 1 exit status
make[1]: *** [cmTryCompileExec2005572760] Error 1
make[1]: Leaving directory `/root/catkin_ws/build/catkin_tools_prebuild/CMakeFiles/CMakeTmp'
make: *** [cmTryCompileExec2005572760/fast] Error 2

File /root/catkin_ws/build/catkin_tools_prebuild/CMakeFiles/CMakeTmp/CheckSymbolExists.c:
/* */
#include <pthread.h>

int main(int argc, char** argv)
{
  (void)argv;
#ifndef pthread_create
  return ((int*)(&pthread_create))[argc];
#else
  (void)argc;
  return 0;
#endif
}

Determining if the function pthread_create exists in the pthreads failed with the following output:
Change Dir: /root/catkin_ws/build/catkin_tools_prebuild/CMakeFiles/CMakeTmp

Run Build Command:/usr/bin/make "cmTryCompileExec2543272222/fast"
/usr/bin/make -f CMakeFiles/cmTryCompileExec2543272222.dir/build.make CMakeFiles/cmTryCompileExec2543272222.dir/build
make[1]: Entering directory `/root/catkin_ws/build/catkin_tools_prebuild/CMakeFiles/CMakeTmp'
/usr/bin/cmake -E cmake_progress_report /root/catkin_ws/build/catkin_tools_prebuild/CMakeFiles/CMakeTmp/CMakeFiles 1
Building C object CMakeFiles/cmTryCompileExec2543272222.dir/CheckFunctionExists.c.o
/usr/bin/cc   -DCHECK_FUNCTION_EXISTS=pthread_create   -o CMakeFiles/cmTryCompileExec2543272222.dir/CheckFunctionExists.c.o   -c /usr/share/cmake-2.8/Modules/CheckFunctionExists.c
Linking C executable cmTryCompileExec2543272222
/usr/bin/cmake -E cmake_link_script CMakeFiles/cmTryCompileExec2543272222.dir/link.txt --verbose=1
/usr/bin/cc   -DCHECK_FUNCTION_EXISTS=pthread_create    CMakeFiles/cmTryCompileExec2543272222.dir/CheckFunctionExists.c.o  -o cmTryCompileExec2543272222 -rdynamic -lpthreads 
/usr/bin/ld: cannot find -lpthreads
collect2: error: ld returned 1 exit status
make[1]: *** [cmTryCompileExec2543272222] Error 1
make[1]: Leaving directory `/root/catkin_ws/build/catkin_tools_prebuild/CMakeFiles/CMakeTmp'
make: *** [cmTryCompileExec2543272222/fast] Error 2


