Determining if the pthread_create exist failed with the following output:
Change Dir: /home/ros/model_car/catkin_ws/build/heading/CMakeFiles/CMakeTmp

Run Build Command:/usr/bin/make "cmTryCompileExec1973275732/fast"
/usr/bin/make -f CMakeFiles/cmTryCompileExec1973275732.dir/build.make CMakeFiles/cmTryCompileExec1973275732.dir/build
make[1]: Entering directory `/home/ros/model_car/catkin_ws/build/heading/CMakeFiles/CMakeTmp'
/usr/bin/cmake -E cmake_progress_report /home/ros/model_car/catkin_ws/build/heading/CMakeFiles/CMakeTmp/CMakeFiles 1
Building C object CMakeFiles/cmTryCompileExec1973275732.dir/CheckSymbolExists.c.o
/usr/bin/cc    -o CMakeFiles/cmTryCompileExec1973275732.dir/CheckSymbolExists.c.o   -c /home/ros/model_car/catkin_ws/build/heading/CMakeFiles/CMakeTmp/CheckSymbolExists.c
Linking C executable cmTryCompileExec1973275732
/usr/bin/cmake -E cmake_link_script CMakeFiles/cmTryCompileExec1973275732.dir/link.txt --verbose=1
/usr/bin/cc       CMakeFiles/cmTryCompileExec1973275732.dir/CheckSymbolExists.c.o  -o cmTryCompileExec1973275732 -rdynamic 
CMakeFiles/cmTryCompileExec1973275732.dir/CheckSymbolExists.c.o: In function `main':
CheckSymbolExists.c:(.text+0x16): undefined reference to `pthread_create'
make[1]: Leaving directory `/home/ros/model_car/catkin_ws/build/heading/CMakeFiles/CMakeTmp'
collect2: error: ld returned 1 exit status
make[1]: *** [cmTryCompileExec1973275732] Error 1
make: *** [cmTryCompileExec1973275732/fast] Error 2

File /home/ros/model_car/catkin_ws/build/heading/CMakeFiles/CMakeTmp/CheckSymbolExists.c:
/* */
#include <pthread.h>

int main(int argc, char** argv)
{
  (void)argv;
#ifndef pthread_create
  return ((int*)(&pthread_create))[argc];
#else
  (void)argc;
  return 0;
#endif
}

Determining if the function pthread_create exists in the pthreads failed with the following output:
Change Dir: /home/ros/model_car/catkin_ws/build/heading/CMakeFiles/CMakeTmp

Run Build Command:/usr/bin/make "cmTryCompileExec4276478239/fast"
/usr/bin/make -f CMakeFiles/cmTryCompileExec4276478239.dir/build.make CMakeFiles/cmTryCompileExec4276478239.dir/build
make[1]: Entering directory `/home/ros/model_car/catkin_ws/build/heading/CMakeFiles/CMakeTmp'
/usr/bin/cmake -E cmake_progress_report /home/ros/model_car/catkin_ws/build/heading/CMakeFiles/CMakeTmp/CMakeFiles 1
Building C object CMakeFiles/cmTryCompileExec4276478239.dir/CheckFunctionExists.c.o
/usr/bin/cc   -DCHECK_FUNCTION_EXISTS=pthread_create   -o CMakeFiles/cmTryCompileExec4276478239.dir/CheckFunctionExists.c.o   -c /usr/share/cmake-2.8/Modules/CheckFunctionExists.c
Linking C executable cmTryCompileExec4276478239
/usr/bin/cmake -E cmake_link_script CMakeFiles/cmTryCompileExec4276478239.dir/link.txt --verbose=1
/usr/bin/cc   -DCHECK_FUNCTION_EXISTS=pthread_create    CMakeFiles/cmTryCompileExec4276478239.dir/CheckFunctionExists.c.o  -o cmTryCompileExec4276478239 -rdynamic -lpthreads 
/usr/bin/ld: cannot find -lpthreads
make[1]: Leaving directory `/home/ros/model_car/catkin_ws/build/heading/CMakeFiles/CMakeTmp'
collect2: error: ld returned 1 exit status
make[1]: *** [cmTryCompileExec4276478239] Error 1
make: *** [cmTryCompileExec4276478239/fast] Error 2


