Determining if the pthread_create exist failed with the following output:
Change Dir: /home/ros/model_car/catkin_ws/build/detect_roof_rectangles/CMakeFiles/CMakeTmp

Run Build Command:/usr/bin/make "cmTryCompileExec394668742/fast"
/usr/bin/make -f CMakeFiles/cmTryCompileExec394668742.dir/build.make CMakeFiles/cmTryCompileExec394668742.dir/build
make[1]: Entering directory `/home/ros/model_car/catkin_ws/build/detect_roof_rectangles/CMakeFiles/CMakeTmp'
/usr/bin/cmake -E cmake_progress_report /home/ros/model_car/catkin_ws/build/detect_roof_rectangles/CMakeFiles/CMakeTmp/CMakeFiles 1
Building C object CMakeFiles/cmTryCompileExec394668742.dir/CheckSymbolExists.c.o
/usr/bin/cc    -o CMakeFiles/cmTryCompileExec394668742.dir/CheckSymbolExists.c.o   -c /home/ros/model_car/catkin_ws/build/detect_roof_rectangles/CMakeFiles/CMakeTmp/CheckSymbolExists.c
Linking C executable cmTryCompileExec394668742
/usr/bin/cmake -E cmake_link_script CMakeFiles/cmTryCompileExec394668742.dir/link.txt --verbose=1
/usr/bin/cc       CMakeFiles/cmTryCompileExec394668742.dir/CheckSymbolExists.c.o  -o cmTryCompileExec394668742 -rdynamic 
CMakeFiles/cmTryCompileExec394668742.dir/CheckSymbolExists.c.o: In function `main':
CheckSymbolExists.c:(.text+0x16): undefined reference to `pthread_create'
collect2: error: ld returned 1 exit status
make[1]: Leaving directory `/home/ros/model_car/catkin_ws/build/detect_roof_rectangles/CMakeFiles/CMakeTmp'
make[1]: *** [cmTryCompileExec394668742] Error 1
make: *** [cmTryCompileExec394668742/fast] Error 2

File /home/ros/model_car/catkin_ws/build/detect_roof_rectangles/CMakeFiles/CMakeTmp/CheckSymbolExists.c:
/* */
#include <pthread.h>

int main(int argc, char** argv)
{
  (void)argv;
#ifndef pthread_create
  return ((int*)(&pthread_create))[argc];
#else
  (void)argc;
  return 0;
#endif
}

Determining if the function pthread_create exists in the pthreads failed with the following output:
Change Dir: /home/ros/model_car/catkin_ws/build/detect_roof_rectangles/CMakeFiles/CMakeTmp

Run Build Command:/usr/bin/make "cmTryCompileExec1198085817/fast"
/usr/bin/make -f CMakeFiles/cmTryCompileExec1198085817.dir/build.make CMakeFiles/cmTryCompileExec1198085817.dir/build
make[1]: Entering directory `/home/ros/model_car/catkin_ws/build/detect_roof_rectangles/CMakeFiles/CMakeTmp'
/usr/bin/cmake -E cmake_progress_report /home/ros/model_car/catkin_ws/build/detect_roof_rectangles/CMakeFiles/CMakeTmp/CMakeFiles 1
Building C object CMakeFiles/cmTryCompileExec1198085817.dir/CheckFunctionExists.c.o
/usr/bin/cc   -DCHECK_FUNCTION_EXISTS=pthread_create   -o CMakeFiles/cmTryCompileExec1198085817.dir/CheckFunctionExists.c.o   -c /usr/share/cmake-2.8/Modules/CheckFunctionExists.c
Linking C executable cmTryCompileExec1198085817
/usr/bin/cmake -E cmake_link_script CMakeFiles/cmTryCompileExec1198085817.dir/link.txt --verbose=1
/usr/bin/cc   -DCHECK_FUNCTION_EXISTS=pthread_create    CMakeFiles/cmTryCompileExec1198085817.dir/CheckFunctionExists.c.o  -o cmTryCompileExec1198085817 -rdynamic -lpthreads 
/usr/bin/ld: cannot find -lpthreads
collect2: error: ld returned 1 exit status
make[1]: *** [cmTryCompileExec1198085817] Error 1
make[1]: Leaving directory `/home/ros/model_car/catkin_ws/build/detect_roof_rectangles/CMakeFiles/CMakeTmp'
make: *** [cmTryCompileExec1198085817/fast] Error 2


