Determining if the pthread_create exist failed with the following output:
Change Dir: /home/ros/model_car/catkin_ws/build/serial/CMakeFiles/CMakeTmp

Run Build Command:/usr/bin/make "cmTryCompileExec2811680566/fast"
/usr/bin/make -f CMakeFiles/cmTryCompileExec2811680566.dir/build.make CMakeFiles/cmTryCompileExec2811680566.dir/build
make[1]: Entering directory `/home/ros/model_car/catkin_ws/build/serial/CMakeFiles/CMakeTmp'
/usr/bin/cmake -E cmake_progress_report /home/ros/model_car/catkin_ws/build/serial/CMakeFiles/CMakeTmp/CMakeFiles 1
Building C object CMakeFiles/cmTryCompileExec2811680566.dir/CheckSymbolExists.c.o
/usr/bin/cc    -o CMakeFiles/cmTryCompileExec2811680566.dir/CheckSymbolExists.c.o   -c /home/ros/model_car/catkin_ws/build/serial/CMakeFiles/CMakeTmp/CheckSymbolExists.c
Linking C executable cmTryCompileExec2811680566
/usr/bin/cmake -E cmake_link_script CMakeFiles/cmTryCompileExec2811680566.dir/link.txt --verbose=1
/usr/bin/cc       CMakeFiles/cmTryCompileExec2811680566.dir/CheckSymbolExists.c.o  -o cmTryCompileExec2811680566 -rdynamic 
CMakeFiles/cmTryCompileExec2811680566.dir/CheckSymbolExists.c.o: In function `main':
CheckSymbolExists.c:(.text+0x16): undefined reference to `pthread_create'
collect2: error: ld returned 1 exit status
make[1]: *** [cmTryCompileExec2811680566] Error 1
make[1]: Leaving directory `/home/ros/model_car/catkin_ws/build/serial/CMakeFiles/CMakeTmp'
make: *** [cmTryCompileExec2811680566/fast] Error 2

File /home/ros/model_car/catkin_ws/build/serial/CMakeFiles/CMakeTmp/CheckSymbolExists.c:
/* */
#include <pthread.h>

int main(int argc, char** argv)
{
  (void)argv;
#ifndef pthread_create
  return ((int*)(&pthread_create))[argc];
#else
  (void)argc;
  return 0;
#endif
}

Determining if the function pthread_create exists in the pthreads failed with the following output:
Change Dir: /home/ros/model_car/catkin_ws/build/serial/CMakeFiles/CMakeTmp

Run Build Command:/usr/bin/make "cmTryCompileExec3799539907/fast"
/usr/bin/make -f CMakeFiles/cmTryCompileExec3799539907.dir/build.make CMakeFiles/cmTryCompileExec3799539907.dir/build
make[1]: Entering directory `/home/ros/model_car/catkin_ws/build/serial/CMakeFiles/CMakeTmp'
/usr/bin/cmake -E cmake_progress_report /home/ros/model_car/catkin_ws/build/serial/CMakeFiles/CMakeTmp/CMakeFiles 1
Building C object CMakeFiles/cmTryCompileExec3799539907.dir/CheckFunctionExists.c.o
/usr/bin/cc   -DCHECK_FUNCTION_EXISTS=pthread_create   -o CMakeFiles/cmTryCompileExec3799539907.dir/CheckFunctionExists.c.o   -c /usr/share/cmake-2.8/Modules/CheckFunctionExists.c
Linking C executable cmTryCompileExec3799539907
/usr/bin/cmake -E cmake_link_script CMakeFiles/cmTryCompileExec3799539907.dir/link.txt --verbose=1
/usr/bin/cc   -DCHECK_FUNCTION_EXISTS=pthread_create    CMakeFiles/cmTryCompileExec3799539907.dir/CheckFunctionExists.c.o  -o cmTryCompileExec3799539907 -rdynamic -lpthreads 
/usr/bin/ld: cannot find -lpthreads
collect2: error: ld returned 1 exit status
make[1]: *** [cmTryCompileExec3799539907] Error 1
make[1]: Leaving directory `/home/ros/model_car/catkin_ws/build/serial/CMakeFiles/CMakeTmp'
make: *** [cmTryCompileExec3799539907/fast] Error 2


