Determining if the pthread_create exist failed with the following output:
Change Dir: /home/ros/model_car/catkin_ws/build/manual_control/CMakeFiles/CMakeTmp

Run Build Command:/usr/bin/make "cmTryCompileExec230078731/fast"
/usr/bin/make -f CMakeFiles/cmTryCompileExec230078731.dir/build.make CMakeFiles/cmTryCompileExec230078731.dir/build
make[1]: Entering directory `/home/ros/model_car/catkin_ws/build/manual_control/CMakeFiles/CMakeTmp'
/usr/bin/cmake -E cmake_progress_report /home/ros/model_car/catkin_ws/build/manual_control/CMakeFiles/CMakeTmp/CMakeFiles 1
Building C object CMakeFiles/cmTryCompileExec230078731.dir/CheckSymbolExists.c.o
/usr/bin/cc    -o CMakeFiles/cmTryCompileExec230078731.dir/CheckSymbolExists.c.o   -c /home/ros/model_car/catkin_ws/build/manual_control/CMakeFiles/CMakeTmp/CheckSymbolExists.c
Linking C executable cmTryCompileExec230078731
/usr/bin/cmake -E cmake_link_script CMakeFiles/cmTryCompileExec230078731.dir/link.txt --verbose=1
/usr/bin/cc       CMakeFiles/cmTryCompileExec230078731.dir/CheckSymbolExists.c.o  -o cmTryCompileExec230078731 -rdynamic 
CMakeFiles/cmTryCompileExec230078731.dir/CheckSymbolExists.c.o: In function `main':
CheckSymbolExists.c:(.text+0x16): undefined reference to `pthread_create'
collect2: error: ld returned 1 exit status
make[1]: *** [cmTryCompileExec230078731] Error 1
make[1]: Leaving directory `/home/ros/model_car/catkin_ws/build/manual_control/CMakeFiles/CMakeTmp'
make: *** [cmTryCompileExec230078731/fast] Error 2

File /home/ros/model_car/catkin_ws/build/manual_control/CMakeFiles/CMakeTmp/CheckSymbolExists.c:
/* */
#include <pthread.h>

int main(int argc, char** argv)
{
  (void)argv;
#ifndef pthread_create
  return ((int*)(&pthread_create))[argc];
#else
  (void)argc;
  return 0;
#endif
}

Determining if the function pthread_create exists in the pthreads failed with the following output:
Change Dir: /home/ros/model_car/catkin_ws/build/manual_control/CMakeFiles/CMakeTmp

Run Build Command:/usr/bin/make "cmTryCompileExec2478885738/fast"
/usr/bin/make -f CMakeFiles/cmTryCompileExec2478885738.dir/build.make CMakeFiles/cmTryCompileExec2478885738.dir/build
make[1]: Entering directory `/home/ros/model_car/catkin_ws/build/manual_control/CMakeFiles/CMakeTmp'
/usr/bin/cmake -E cmake_progress_report /home/ros/model_car/catkin_ws/build/manual_control/CMakeFiles/CMakeTmp/CMakeFiles 1
Building C object CMakeFiles/cmTryCompileExec2478885738.dir/CheckFunctionExists.c.o
/usr/bin/cc   -DCHECK_FUNCTION_EXISTS=pthread_create   -o CMakeFiles/cmTryCompileExec2478885738.dir/CheckFunctionExists.c.o   -c /usr/share/cmake-2.8/Modules/CheckFunctionExists.c
Linking C executable cmTryCompileExec2478885738
/usr/bin/cmake -E cmake_link_script CMakeFiles/cmTryCompileExec2478885738.dir/link.txt --verbose=1
/usr/bin/cc   -DCHECK_FUNCTION_EXISTS=pthread_create    CMakeFiles/cmTryCompileExec2478885738.dir/CheckFunctionExists.c.o  -o cmTryCompileExec2478885738 -rdynamic -lpthreads 
/usr/bin/ld: cannot find -lpthreads
make[1]: Leaving directory `/home/ros/model_car/catkin_ws/build/manual_control/CMakeFiles/CMakeTmp'
collect2: error: ld returned 1 exit status
make[1]: *** [cmTryCompileExec2478885738] Error 1
make: *** [cmTryCompileExec2478885738/fast] Error 2


