Determining if the pthread_create exist failed with the following output:
Change Dir: /root/catkin_ws/build/head_twist_revolutions/CMakeFiles/CMakeTmp

Run Build Command:/usr/bin/make "cmTryCompileExec1024699578/fast"
/usr/bin/make -f CMakeFiles/cmTryCompileExec1024699578.dir/build.make CMakeFiles/cmTryCompileExec1024699578.dir/build
make[1]: Entering directory `/root/catkin_ws/build/head_twist_revolutions/CMakeFiles/CMakeTmp'
/usr/bin/cmake -E cmake_progress_report /root/catkin_ws/build/head_twist_revolutions/CMakeFiles/CMakeTmp/CMakeFiles 1
Building C object CMakeFiles/cmTryCompileExec1024699578.dir/CheckSymbolExists.c.o
/usr/bin/cc    -o CMakeFiles/cmTryCompileExec1024699578.dir/CheckSymbolExists.c.o   -c /root/catkin_ws/build/head_twist_revolutions/CMakeFiles/CMakeTmp/CheckSymbolExists.c
Linking C executable cmTryCompileExec1024699578
/usr/bin/cmake -E cmake_link_script CMakeFiles/cmTryCompileExec1024699578.dir/link.txt --verbose=1
/usr/bin/cc       CMakeFiles/cmTryCompileExec1024699578.dir/CheckSymbolExists.c.o  -o cmTryCompileExec1024699578 -rdynamic 
CMakeFiles/cmTryCompileExec1024699578.dir/CheckSymbolExists.c.o: In function `main':
CheckSymbolExists.c:(.text+0xe): undefined reference to `pthread_create'
CheckSymbolExists.c:(.text+0x12): undefined reference to `pthread_create'
collect2: error: ld returned 1 exit status
make[1]: *** [cmTryCompileExec1024699578] Error 1
make[1]: Leaving directory `/root/catkin_ws/build/head_twist_revolutions/CMakeFiles/CMakeTmp'
make: *** [cmTryCompileExec1024699578/fast] Error 2

File /root/catkin_ws/build/head_twist_revolutions/CMakeFiles/CMakeTmp/CheckSymbolExists.c:
/* */
#include <pthread.h>

int main(int argc, char** argv)
{
  (void)argv;
#ifndef pthread_create
  return ((int*)(&pthread_create))[argc];
#else
  (void)argc;
  return 0;
#endif
}

Determining if the function pthread_create exists in the pthreads failed with the following output:
Change Dir: /root/catkin_ws/build/head_twist_revolutions/CMakeFiles/CMakeTmp

Run Build Command:/usr/bin/make "cmTryCompileExec4163794671/fast"
/usr/bin/make -f CMakeFiles/cmTryCompileExec4163794671.dir/build.make CMakeFiles/cmTryCompileExec4163794671.dir/build
make[1]: Entering directory `/root/catkin_ws/build/head_twist_revolutions/CMakeFiles/CMakeTmp'
/usr/bin/cmake -E cmake_progress_report /root/catkin_ws/build/head_twist_revolutions/CMakeFiles/CMakeTmp/CMakeFiles 1
Building C object CMakeFiles/cmTryCompileExec4163794671.dir/CheckFunctionExists.c.o
/usr/bin/cc   -DCHECK_FUNCTION_EXISTS=pthread_create   -o CMakeFiles/cmTryCompileExec4163794671.dir/CheckFunctionExists.c.o   -c /usr/share/cmake-2.8/Modules/CheckFunctionExists.c
Linking C executable cmTryCompileExec4163794671
/usr/bin/cmake -E cmake_link_script CMakeFiles/cmTryCompileExec4163794671.dir/link.txt --verbose=1
/usr/bin/cc   -DCHECK_FUNCTION_EXISTS=pthread_create    CMakeFiles/cmTryCompileExec4163794671.dir/CheckFunctionExists.c.o  -o cmTryCompileExec4163794671 -rdynamic -lpthreads 
/usr/bin/ld: cannot find -lpthreads
collect2: error: ld returned 1 exit status
make[1]: Leaving directory `/root/catkin_ws/build/head_twist_revolutions/CMakeFiles/CMakeTmp'
make[1]: *** [cmTryCompileExec4163794671] Error 1
make: *** [cmTryCompileExec4163794671/fast] Error 2


