Determining if the pthread_create exist failed with the following output:
Change Dir: /root/catkin_ws/build/random_movement/CMakeFiles/CMakeTmp

Run Build Command:/usr/bin/make "cmTryCompileExec2611816067/fast"
/usr/bin/make -f CMakeFiles/cmTryCompileExec2611816067.dir/build.make CMakeFiles/cmTryCompileExec2611816067.dir/build
make[1]: Entering directory `/root/catkin_ws/build/random_movement/CMakeFiles/CMakeTmp'
/usr/bin/cmake -E cmake_progress_report /root/catkin_ws/build/random_movement/CMakeFiles/CMakeTmp/CMakeFiles 1
Building C object CMakeFiles/cmTryCompileExec2611816067.dir/CheckSymbolExists.c.o
/usr/bin/cc    -o CMakeFiles/cmTryCompileExec2611816067.dir/CheckSymbolExists.c.o   -c /root/catkin_ws/build/random_movement/CMakeFiles/CMakeTmp/CheckSymbolExists.c
Linking C executable cmTryCompileExec2611816067
/usr/bin/cmake -E cmake_link_script CMakeFiles/cmTryCompileExec2611816067.dir/link.txt --verbose=1
/usr/bin/cc       CMakeFiles/cmTryCompileExec2611816067.dir/CheckSymbolExists.c.o  -o cmTryCompileExec2611816067 -rdynamic 
CMakeFiles/cmTryCompileExec2611816067.dir/CheckSymbolExists.c.o: In function `main':
CheckSymbolExists.c:(.text+0xe): undefined reference to `pthread_create'
CheckSymbolExists.c:(.text+0x12): undefined reference to `pthread_create'
collect2: error: ld returned 1 exit status
make[1]: *** [cmTryCompileExec2611816067] Error 1
make[1]: Leaving directory `/root/catkin_ws/build/random_movement/CMakeFiles/CMakeTmp'
make: *** [cmTryCompileExec2611816067/fast] Error 2

File /root/catkin_ws/build/random_movement/CMakeFiles/CMakeTmp/CheckSymbolExists.c:
/* */
#include <pthread.h>

int main(int argc, char** argv)
{
  (void)argv;
#ifndef pthread_create
  return ((int*)(&pthread_create))[argc];
#else
  (void)argc;
  return 0;
#endif
}

Determining if the function pthread_create exists in the pthreads failed with the following output:
Change Dir: /root/catkin_ws/build/random_movement/CMakeFiles/CMakeTmp

Run Build Command:/usr/bin/make "cmTryCompileExec314176227/fast"
/usr/bin/make -f CMakeFiles/cmTryCompileExec314176227.dir/build.make CMakeFiles/cmTryCompileExec314176227.dir/build
make[1]: Entering directory `/root/catkin_ws/build/random_movement/CMakeFiles/CMakeTmp'
/usr/bin/cmake -E cmake_progress_report /root/catkin_ws/build/random_movement/CMakeFiles/CMakeTmp/CMakeFiles 1
Building C object CMakeFiles/cmTryCompileExec314176227.dir/CheckFunctionExists.c.o
/usr/bin/cc   -DCHECK_FUNCTION_EXISTS=pthread_create   -o CMakeFiles/cmTryCompileExec314176227.dir/CheckFunctionExists.c.o   -c /usr/share/cmake-2.8/Modules/CheckFunctionExists.c
Linking C executable cmTryCompileExec314176227
/usr/bin/cmake -E cmake_link_script CMakeFiles/cmTryCompileExec314176227.dir/link.txt --verbose=1
/usr/bin/cc   -DCHECK_FUNCTION_EXISTS=pthread_create    CMakeFiles/cmTryCompileExec314176227.dir/CheckFunctionExists.c.o  -o cmTryCompileExec314176227 -rdynamic -lpthreads 
/usr/bin/ld: cannot find -lpthreads
collect2: error: ld returned 1 exit status
make[1]: Leaving directory `/root/catkin_ws/build/random_movement/CMakeFiles/CMakeTmp'
make[1]: *** [cmTryCompileExec314176227] Error 1
make: *** [cmTryCompileExec314176227/fast] Error 2


